Flow report for Lab_3_processor
Wed Mar 27 12:00:06 2013
Quartus II Version 10.1 Build 197 01/19/2011 Service Pack 1 SJ Full Version


---------------------
; Table of Contents ;
---------------------
  1. Legal Notice
  2. Flow Summary
  3. Flow Settings
  4. Flow Non-Default Global Settings
  5. Flow Elapsed Time
  6. Flow OS Summary
  7. Flow Log



----------------
; Legal Notice ;
----------------
Copyright (C) 1991-2011 Altera Corporation
Your use of Altera Corporation's design tools, logic functions 
and other software and tools, and its AMPP partner logic 
functions, and any output files from any of the foregoing 
(including device programming or simulation files), and any 
associated documentation or information are expressly subject 
to the terms and conditions of the Altera Program License 
Subscription Agreement, Altera MegaCore Function License 
Agreement, or other applicable license agreement, including, 
without limitation, that your use is for the sole purpose of 
programming logic devices manufactured by Altera and sold by 
Altera or its authorized distributors.  Please refer to the 
applicable agreement for further details.



+-------------------------------------------------------------------------------------+
; Flow Summary                                                                        ;
+------------------------------------+------------------------------------------------+
; Flow Status                        ; Successful - Wed Mar 27 12:00:06 2013          ;
; Quartus II Version                 ; 10.1 Build 197 01/19/2011 SP 1 SJ Full Version ;
; Revision Name                      ; Lab_3_processor                                ;
; Top-level Entity Name              ; Lab_3_processor                                ;
; Family                             ; Cyclone II                                     ;
; Device                             ; EP2C35F672C6                                   ;
; Timing Models                      ; Final                                          ;
; Total logic elements               ; 1,232 / 33,216 ( 4 % )                         ;
;     Total combinational functions  ; 1,165 / 33,216 ( 4 % )                         ;
;     Dedicated logic registers      ; 588 / 33,216 ( 2 % )                           ;
; Total registers                    ; 588                                            ;
; Total pins                         ; 24 / 475 ( 5 % )                               ;
; Total virtual pins                 ; 0                                              ;
; Total memory bits                  ; 141,312 / 483,840 ( 29 % )                     ;
; Embedded Multiplier 9-bit elements ; 0 / 70 ( 0 % )                                 ;
; Total PLLs                         ; 0 / 4 ( 0 % )                                  ;
+------------------------------------+------------------------------------------------+


+-----------------------------------------+
; Flow Settings                           ;
+-------------------+---------------------+
; Option            ; Setting             ;
+-------------------+---------------------+
; Start date & time ; 03/27/2013 11:58:53 ;
; Main task         ; Compilation         ;
; Revision Name     ; Lab_3_processor     ;
+-------------------+---------------------+


+---------------------------------------------------------------------------------------------------------------+
; Flow Non-Default Global Settings                                                                              ;
+-------------------------------------+------------------------------+---------------+-------------+------------+
; Assignment Name                     ; Value                        ; Default Value ; Entity Name ; Section Id ;
+-------------------------------------+------------------------------+---------------+-------------+------------+
; COMPILER_SIGNATURE_ID               ; 69127070551.136434593238580  ; --            ; --          ; --         ;
; MAX_CORE_JUNCTION_TEMP              ; 85                           ; --            ; --          ; --         ;
; MIN_CORE_JUNCTION_TEMP              ; 0                            ; --            ; --          ; --         ;
; PARTITION_COLOR                     ; 16764057                     ; --            ; --          ; Top        ;
; PARTITION_FITTER_PRESERVATION_LEVEL ; PLACEMENT_AND_ROUTING        ; --            ; --          ; Top        ;
; PARTITION_NETLIST_TYPE              ; SOURCE                       ; --            ; --          ; Top        ;
; SOPC_BUILDER_SIGNATURE_ID           ; 18A905EBEAB70000013DA8EF8CFC ; --            ; --          ; --         ;
+-------------------------------------+------------------------------+---------------+-------------+------------+


+-------------------------------------------------------------------------------------------------------------------------------+
; Flow Elapsed Time                                                                                                             ;
+---------------------------+--------------+-------------------------+---------------------+------------------------------------+
; Module Name               ; Elapsed Time ; Average Processors Used ; Peak Virtual Memory ; Total CPU Time (on all processors) ;
+---------------------------+--------------+-------------------------+---------------------+------------------------------------+
; Analysis & Synthesis      ; 00:00:25     ; 1.0                     ; 315 MB              ; 00:00:09                           ;
; Fitter                    ; 00:00:17     ; 1.2                     ; 378 MB              ; 00:00:11                           ;
; TimeQuest Timing Analyzer ; 00:00:16     ; 1.1                     ; 285 MB              ; 00:00:03                           ;
; Assembler                 ; 00:00:17     ; 1.0                     ; 305 MB              ; 00:00:02                           ;
; Total                     ; 00:01:15     ; --                      ; --                  ; 00:00:25                           ;
+---------------------------+--------------+-------------------------+---------------------+------------------------------------+


+----------------------------------------------------------------------------------------+
; Flow OS Summary                                                                        ;
+---------------------------+------------------+-----------+------------+----------------+
; Module Name               ; Machine Hostname ; OS Name   ; OS Version ; Processor type ;
+---------------------------+------------------+-----------+------------+----------------+
; Analysis & Synthesis      ; ECS-B35-215-09   ; Windows 7 ; 6.1        ; x86_64         ;
; Fitter                    ; ECS-B35-215-09   ; Windows 7 ; 6.1        ; x86_64         ;
; TimeQuest Timing Analyzer ; ECS-B35-215-09   ; Windows 7 ; 6.1        ; x86_64         ;
; Assembler                 ; ECS-B35-215-09   ; Windows 7 ; 6.1        ; x86_64         ;
+---------------------------+------------------+-----------+------------+----------------+


------------
; Flow Log ;
------------
quartus_map --read_settings_files=on --write_settings_files=off Lab_3_processor -c Lab_3_processor
quartus_fit --read_settings_files=off --write_settings_files=off Lab_3_processor -c Lab_3_processor
quartus_sta Lab_3_processor -c Lab_3_processor
quartus_asm --read_settings_files=off --write_settings_files=off Lab_3_processor -c Lab_3_processor



