Flow report for RTSLab1
Fri May 24 13:23:17 2013
Quartus II Version 10.1 Build 197 01/19/2011 Service Pack 1 SJ Full Version


---------------------
; Table of Contents ;
---------------------
  1. Legal Notice
  2. Flow Summary
  3. Flow Settings
  4. Flow Non-Default Global Settings
  5. Flow Elapsed Time
  6. Flow OS Summary
  7. Flow Log



----------------
; Legal Notice ;
----------------
Copyright (C) 1991-2011 Altera Corporation
Your use of Altera Corporation's design tools, logic functions 
and other software and tools, and its AMPP partner logic 
functions, and any output files from any of the foregoing 
(including device programming or simulation files), and any 
associated documentation or information are expressly subject 
to the terms and conditions of the Altera Program License 
Subscription Agreement, Altera MegaCore Function License 
Agreement, or other applicable license agreement, including, 
without limitation, that your use is for the sole purpose of 
programming logic devices manufactured by Altera and sold by 
Altera or its authorized distributors.  Please refer to the 
applicable agreement for further details.



+-------------------------------------------------------------------------------------+
; Flow Summary                                                                        ;
+------------------------------------+------------------------------------------------+
; Flow Status                        ; Successful - Fri May 24 13:23:17 2013          ;
; Quartus II Version                 ; 10.1 Build 197 01/19/2011 SP 1 SJ Full Version ;
; Revision Name                      ; RTSLab1                                        ;
; Top-level Entity Name              ; RTSLab1                                        ;
; Family                             ; Cyclone II                                     ;
; Device                             ; EP2C35F672C6                                   ;
; Timing Models                      ; Final                                          ;
; Total logic elements               ; 3,433 / 33,216 ( 10 % )                        ;
;     Total combinational functions  ; 3,123 / 33,216 ( 9 % )                         ;
;     Dedicated logic registers      ; 1,998 / 33,216 ( 6 % )                         ;
; Total registers                    ; 2068                                           ;
; Total pins                         ; 426 / 475 ( 90 % )                             ;
; Total virtual pins                 ; 0                                              ;
; Total memory bits                  ; 63,936 / 483,840 ( 13 % )                      ;
; Embedded Multiplier 9-bit elements ; 4 / 70 ( 6 % )                                 ;
; Total PLLs                         ; 0 / 4 ( 0 % )                                  ;
+------------------------------------+------------------------------------------------+


+-----------------------------------------+
; Flow Settings                           ;
+-------------------+---------------------+
; Option            ; Setting             ;
+-------------------+---------------------+
; Start date & time ; 05/24/2013 13:17:47 ;
; Main task         ; Compilation         ;
; Revision Name     ; RTSLab1             ;
+-------------------+---------------------+


+------------------------------------------------------------------------------------------------------------------------------------------------------+
; Flow Non-Default Global Settings                                                                                                                     ;
+-------------------------------------+-----------------------------------------------------------------+---------------+-------------+----------------+
; Assignment Name                     ; Value                                                           ; Default Value ; Entity Name ; Section Id     ;
+-------------------------------------+-----------------------------------------------------------------+---------------+-------------+----------------+
; COMPILER_SIGNATURE_ID               ; 69127070716.136936546324488                                     ; --            ; --          ; --             ;
; EDA_OUTPUT_DATA_FORMAT              ; Verilog Hdl                                                     ; --            ; --          ; eda_simulation ;
; EDA_SIMULATION_TOOL                 ; ModelSim-Altera (Verilog)                                       ; <None>        ; --          ; --             ;
; MAX_CORE_JUNCTION_TEMP              ; 85                                                              ; --            ; --          ; --             ;
; MIN_CORE_JUNCTION_TEMP              ; 0                                                               ; --            ; --          ; --             ;
; MISC_FILE                           ; E:/ECE3073_labs/Lab_6/RTSLab1.dpf                               ; --            ; --          ; --             ;
; PARTITION_COLOR                     ; 16764057                                                        ; --            ; --          ; Top            ;
; PARTITION_FITTER_PRESERVATION_LEVEL ; PLACEMENT_AND_ROUTING                                           ; --            ; --          ; Top            ;
; PARTITION_NETLIST_TYPE              ; SOURCE                                                          ; --            ; --          ; Top            ;
; SEARCH_PATH                         ; altera/10.1/ip/University_Program/Memory/altera_up_avalon_sram/ ; --            ; --          ; --             ;
; SOPC_BUILDER_SIGNATURE_ID           ; 18A905EBEA860000013EA5568358                                    ; --            ; --          ; --             ;
+-------------------------------------+-----------------------------------------------------------------+---------------+-------------+----------------+


+-------------------------------------------------------------------------------------------------------------------------------+
; Flow Elapsed Time                                                                                                             ;
+---------------------------+--------------+-------------------------+---------------------+------------------------------------+
; Module Name               ; Elapsed Time ; Average Processors Used ; Peak Virtual Memory ; Total CPU Time (on all processors) ;
+---------------------------+--------------+-------------------------+---------------------+------------------------------------+
; Analysis & Synthesis      ; 00:01:00     ; 1.0                     ; 354 MB              ; 00:00:21                           ;
; Fitter                    ; 00:00:36     ; 1.2                     ; 400 MB              ; 00:00:22                           ;
; TimeQuest Timing Analyzer ; 00:00:30     ; 1.1                     ; 306 MB              ; 00:00:05                           ;
; Assembler                 ; 00:00:38     ; 1.0                     ; 311 MB              ; 00:00:03                           ;
; EDA Netlist Writer        ; 00:02:36     ; 1.0                     ; 287 MB              ; 00:00:05                           ;
; Total                     ; 00:05:20     ; --                      ; --                  ; 00:00:56                           ;
+---------------------------+--------------+-------------------------+---------------------+------------------------------------+


+----------------------------------------------------------------------------------------+
; Flow OS Summary                                                                        ;
+---------------------------+------------------+-----------+------------+----------------+
; Module Name               ; Machine Hostname ; OS Name   ; OS Version ; Processor type ;
+---------------------------+------------------+-----------+------------+----------------+
; Analysis & Synthesis      ; ECS-B35-220-04   ; Windows 7 ; 6.1        ; x86_64         ;
; Fitter                    ; ECS-B35-220-04   ; Windows 7 ; 6.1        ; x86_64         ;
; TimeQuest Timing Analyzer ; ECS-B35-220-04   ; Windows 7 ; 6.1        ; x86_64         ;
; Assembler                 ; ECS-B35-220-04   ; Windows 7 ; 6.1        ; x86_64         ;
; EDA Netlist Writer        ; ECS-B35-220-04   ; Windows 7 ; 6.1        ; x86_64         ;
+---------------------------+------------------+-----------+------------+----------------+


------------
; Flow Log ;
------------
quartus_map --read_settings_files=on --write_settings_files=off RTSLab1 -c RTSLab1
quartus_fit --read_settings_files=off --write_settings_files=off RTSLab1 -c RTSLab1
quartus_sta RTSLab1 -c RTSLab1
quartus_asm --read_settings_files=off --write_settings_files=off RTSLab1 -c RTSLab1
quartus_eda --read_settings_files=off --write_settings_files=off RTSLab1 -c RTSLab1



