Flow report for zmc_lab2
Wed Mar 20 11:08:09 2013
Quartus II 64-Bit Version 10.1 Build 197 01/19/2011 Service Pack 1 SJ Full Version


---------------------
; Table of Contents ;
---------------------
  1. Legal Notice
  2. Flow Summary
  3. Flow Settings
  4. Flow Non-Default Global Settings
  5. Flow Elapsed Time
  6. Flow OS Summary
  7. Flow Log



----------------
; Legal Notice ;
----------------
Copyright (C) 1991-2011 Altera Corporation
Your use of Altera Corporation's design tools, logic functions 
and other software and tools, and its AMPP partner logic 
functions, and any output files from any of the foregoing 
(including device programming or simulation files), and any 
associated documentation or information are expressly subject 
to the terms and conditions of the Altera Program License 
Subscription Agreement, Altera MegaCore Function License 
Agreement, or other applicable license agreement, including, 
without limitation, that your use is for the sole purpose of 
programming logic devices manufactured by Altera and sold by 
Altera or its authorized distributors.  Please refer to the 
applicable agreement for further details.



+-------------------------------------------------------------------------------------+
; Flow Summary                                                                        ;
+------------------------------------+------------------------------------------------+
; Flow Status                        ; Successful - Wed Mar 20 11:08:09 2013          ;
; Quartus II 64-Bit Version          ; 10.1 Build 197 01/19/2011 SP 1 SJ Full Version ;
; Revision Name                      ; zmc_lab2                                       ;
; Top-level Entity Name              ; zmc_lab2                                       ;
; Family                             ; Cyclone II                                     ;
; Device                             ; EP2C35F672C6                                   ;
; Timing Models                      ; Final                                          ;
; Total logic elements               ; 1,206 / 33,216 ( 4 % )                         ;
;     Total combinational functions  ; 1,139 / 33,216 ( 3 % )                         ;
;     Dedicated logic registers      ; 564 / 33,216 ( 2 % )                           ;
; Total registers                    ; 564                                            ;
; Total pins                         ; 12 / 475 ( 3 % )                               ;
; Total virtual pins                 ; 0                                              ;
; Total memory bits                  ; 83,968 / 483,840 ( 17 % )                      ;
; Embedded Multiplier 9-bit elements ; 0 / 70 ( 0 % )                                 ;
; Total PLLs                         ; 0 / 4 ( 0 % )                                  ;
+------------------------------------+------------------------------------------------+


+-----------------------------------------+
; Flow Settings                           ;
+-------------------+---------------------+
; Option            ; Setting             ;
+-------------------+---------------------+
; Start date & time ; 03/20/2013 11:07:02 ;
; Main task         ; Compilation         ;
; Revision Name     ; zmc_lab2            ;
+-------------------+---------------------+


+---------------------------------------------------------------------------------------------------------------+
; Flow Non-Default Global Settings                                                                              ;
+-------------------------------------+------------------------------+---------------+-------------+------------+
; Assignment Name                     ; Value                        ; Default Value ; Entity Name ; Section Id ;
+-------------------------------------+------------------------------+---------------+-------------+------------+
; COMPILER_SIGNATURE_ID               ; 69127070170.136373802142304  ; --            ; --          ; --         ;
; PARTITION_COLOR                     ; 2147039                      ; --            ; --          ; Top        ;
; PARTITION_FITTER_PRESERVATION_LEVEL ; PLACEMENT_AND_ROUTING        ; --            ; --          ; Top        ;
; PARTITION_NETLIST_TYPE              ; SOURCE                       ; --            ; --          ; Top        ;
; SOPC_BUILDER_SIGNATURE_ID           ; 18A905EBEA3E0000013D851AC64D ; --            ; --          ; --         ;
+-------------------------------------+------------------------------+---------------+-------------+------------+


+-------------------------------------------------------------------------------------------------------------------------------+
; Flow Elapsed Time                                                                                                             ;
+---------------------------+--------------+-------------------------+---------------------+------------------------------------+
; Module Name               ; Elapsed Time ; Average Processors Used ; Peak Virtual Memory ; Total CPU Time (on all processors) ;
+---------------------------+--------------+-------------------------+---------------------+------------------------------------+
; Analysis & Synthesis      ; 00:00:22     ; 1.0                     ; 417 MB              ; 00:00:08                           ;
; Fitter                    ; 00:00:15     ; 1.1                     ; 479 MB              ; 00:00:10                           ;
; TimeQuest Timing Analyzer ; 00:00:10     ; 1.0                     ; 372 MB              ; 00:00:02                           ;
; Assembler                 ; 00:00:15     ; 1.0                     ; 370 MB              ; 00:00:02                           ;
; Total                     ; 00:01:02     ; --                      ; --                  ; 00:00:22                           ;
+---------------------------+--------------+-------------------------+---------------------+------------------------------------+


+----------------------------------------------------------------------------------------+
; Flow OS Summary                                                                        ;
+---------------------------+------------------+-----------+------------+----------------+
; Module Name               ; Machine Hostname ; OS Name   ; OS Version ; Processor type ;
+---------------------------+------------------+-----------+------------+----------------+
; Analysis & Synthesis      ; ECS-B35-215-12   ; Windows 7 ; 6.1        ; x86_64         ;
; Fitter                    ; ECS-B35-215-12   ; Windows 7 ; 6.1        ; x86_64         ;
; TimeQuest Timing Analyzer ; ECS-B35-215-12   ; Windows 7 ; 6.1        ; x86_64         ;
; Assembler                 ; ECS-B35-215-12   ; Windows 7 ; 6.1        ; x86_64         ;
+---------------------------+------------------+-----------+------------+----------------+


------------
; Flow Log ;
------------
quartus_map --read_settings_files=on --write_settings_files=off zmc_lab2 -c zmc_lab2
quartus_fit --read_settings_files=off --write_settings_files=off zmc_lab2 -c zmc_lab2
quartus_sta zmc_lab2 -c zmc_lab2
quartus_asm --read_settings_files=off --write_settings_files=off zmc_lab2 -c zmc_lab2



