Flow report for Lab_5_nios
Thu Apr 18 21:37:59 2013
Quartus II 32-bit Version 12.0 Build 263 08/02/2012 Service Pack 2 SJ Web Edition


---------------------
; Table of Contents ;
---------------------
  1. Legal Notice
  2. Flow Summary
  3. Flow Settings
  4. Flow Non-Default Global Settings
  5. Flow Elapsed Time
  6. Flow OS Summary
  7. Flow Log



----------------
; Legal Notice ;
----------------
Copyright (C) 1991-2012 Altera Corporation
Your use of Altera Corporation's design tools, logic functions 
and other software and tools, and its AMPP partner logic 
functions, and any output files from any of the foregoing 
(including device programming or simulation files), and any 
associated documentation or information are expressly subject 
to the terms and conditions of the Altera Program License 
Subscription Agreement, Altera MegaCore Function License 
Agreement, or other applicable license agreement, including, 
without limitation, that your use is for the sole purpose of 
programming logic devices manufactured by Altera and sold by 
Altera or its authorized distributors.  Please refer to the 
applicable agreement for further details.



+------------------------------------------------------------------------------------+
; Flow Summary                                                                       ;
+------------------------------------+-----------------------------------------------+
; Flow Status                        ; Successful - Thu Apr 18 21:37:57 2013         ;
; Quartus II 32-bit Version          ; 12.0 Build 263 08/02/2012 SP 2 SJ Web Edition ;
; Revision Name                      ; Lab_5_nios                                    ;
; Top-level Entity Name              ; Lab_5_nios                                    ;
; Family                             ; Cyclone II                                    ;
; Device                             ; EP2C35F672C6                                  ;
; Timing Models                      ; Final                                         ;
; Total logic elements               ; 1,641 / 33,216 ( 5 % )                        ;
;     Total combinational functions  ; 1,539 / 33,216 ( 5 % )                        ;
;     Dedicated logic registers      ; 847 / 33,216 ( 3 % )                          ;
; Total registers                    ; 849                                           ;
; Total pins                         ; 7 / 475 ( 1 % )                               ;
; Total virtual pins                 ; 0                                             ;
; Total memory bits                  ; 273,408 / 483,840 ( 57 % )                    ;
; Embedded Multiplier 9-bit elements ; 0 / 70 ( 0 % )                                ;
; Total PLLs                         ; 0 / 4 ( 0 % )                                 ;
+------------------------------------+-----------------------------------------------+


+-----------------------------------------+
; Flow Settings                           ;
+-------------------+---------------------+
; Option            ; Setting             ;
+-------------------+---------------------+
; Start date & time ; 04/18/2013 21:35:08 ;
; Main task         ; Compilation         ;
; Revision Name     ; Lab_5_nios          ;
+-------------------+---------------------+


+------------------------------------------------------------------------------------------------------------------+
; Flow Non-Default Global Settings                                                                                 ;
+-------------------------------------+------------------------------+---------------+----------------+------------+
; Assignment Name                     ; Value                        ; Default Value ; Entity Name    ; Section Id ;
+-------------------------------------+------------------------------+---------------+----------------+------------+
; COMPILER_SIGNATURE_ID               ; 143516681257.136628490704960 ; --            ; --             ; --         ;
; IP_TOOL_ENV                         ; sopc                         ; --            ; nios_processor ; --         ;
; IP_TOOL_NAME                        ; sopc                         ; --            ; nios_processor ; --         ;
; IP_TOOL_VERSION                     ; 12.0sp2                      ; --            ; nios_processor ; --         ;
; MAX_CORE_JUNCTION_TEMP              ; 85                           ; --            ; --             ; --         ;
; MIN_CORE_JUNCTION_TEMP              ; 0                            ; --            ; --             ; --         ;
; PARTITION_COLOR                     ; 2147039                      ; --            ; --             ; Top        ;
; PARTITION_FITTER_PRESERVATION_LEVEL ; PLACEMENT_AND_ROUTING        ; --            ; --             ; Top        ;
; PARTITION_NETLIST_TYPE              ; SOURCE                       ; --            ; --             ; Top        ;
; SOPC_BUILDER_SIGNATURE_ID           ; 00216A42C4280000013E1CE9F849 ; --            ; --             ; --         ;
+-------------------------------------+------------------------------+---------------+----------------+------------+


+-------------------------------------------------------------------------------------------------------------------------------+
; Flow Elapsed Time                                                                                                             ;
+---------------------------+--------------+-------------------------+---------------------+------------------------------------+
; Module Name               ; Elapsed Time ; Average Processors Used ; Peak Virtual Memory ; Total CPU Time (on all processors) ;
+---------------------------+--------------+-------------------------+---------------------+------------------------------------+
; Analysis & Synthesis      ; 00:01:08     ; 1.0                     ; 384 MB              ; 00:00:21                           ;
; Fitter                    ; 00:00:42     ; 1.2                     ; 488 MB              ; 00:00:28                           ;
; Assembler                 ; 00:00:39     ; 1.0                     ; 338 MB              ; 00:00:06                           ;
; TimeQuest Timing Analyzer ; 00:00:44     ; 1.0                     ; 324 MB              ; 00:00:03                           ;
; Total                     ; 00:03:13     ; --                      ; --                  ; 00:00:58                           ;
+---------------------------+--------------+-------------------------+---------------------+------------------------------------+


+----------------------------------------------------------------------------------------+
; Flow OS Summary                                                                        ;
+---------------------------+------------------+-----------+------------+----------------+
; Module Name               ; Machine Hostname ; OS Name   ; OS Version ; Processor type ;
+---------------------------+------------------+-----------+------------+----------------+
; Analysis & Synthesis      ; Leofric-PC       ; Windows 7 ; 6.1        ; i686           ;
; Fitter                    ; Leofric-PC       ; Windows 7 ; 6.1        ; i686           ;
; Assembler                 ; Leofric-PC       ; Windows 7 ; 6.1        ; i686           ;
; TimeQuest Timing Analyzer ; Leofric-PC       ; Windows 7 ; 6.1        ; i686           ;
+---------------------------+------------------+-----------+------------+----------------+


------------
; Flow Log ;
------------
quartus_map --read_settings_files=on --write_settings_files=off Lab_5_nios -c Lab_5_nios
quartus_fit --read_settings_files=off --write_settings_files=off Lab_5_nios -c Lab_5_nios
quartus_asm --read_settings_files=off --write_settings_files=off Lab_5_nios -c Lab_5_nios
quartus_sta Lab_5_nios -c Lab_5_nios



